<?xml version="1.0" encoding="UTF-8"?>
<!-- Generated by org.testng.reporters.JUnitXMLReporter -->
<testsuite hostname="ldndwm406292" name="Default test" tests="7" failures="0" timestamp="19 Jan 2016 18:41:26 GMT" time="0.187" errors="0">
  <testcase name="straightforword" time="0.172" classname="com.net.testng.protocol.TestCurrencyEvent"/>
  <testcase name="straightforwordOutOfTime" time="0.0" classname="com.net.testng.protocol.TestCurrencyEvent"/>
  <testcase name="straightforwordTestLong" time="0.0" classname="com.net.testng.protocol.TestCurrencyEvent"/>
  <testcase name="straightforwordTestShort" time="0.0" classname="com.net.testng.protocol.TestCurrencyEvent"/>
  <testcase name="twoFieldPerNewsTestLongPlusEventAlreadyEvaluatedTest" time="0.0" classname="com.net.testng.protocol.TestCurrencyEvent"/>
  <testcase name="twoFieldPerTwoNewsTestLongPlusEventAlreadyEvaluatedTest" time="0.0" classname="com.net.testng.protocol.TestCurrencyEvent"/>
  <testcase name="twoNewsPerEventTestShort" time="0.0" classname="com.net.testng.protocol.TestCurrencyEvent"/>
</testsuite> <!-- Default test -->
