<?xml version="1.0" encoding="UTF-8"?>
<testng-results skipped="0" failed="0" total="7" passed="7">
  <reporter-output>
  </reporter-output>
  <suite name="Default suite" duration-ms="187" started-at="2016-01-19T18:41:26Z" finished-at="2016-01-19T18:41:26Z">
    <groups>
    </groups>
    <test name="Default test" duration-ms="187" started-at="2016-01-19T18:41:26Z" finished-at="2016-01-19T18:41:26Z">
      <class name="com.net.testng.protocol.TestCurrencyEvent">
        <test-method status="PASS" signature="straightforword()[pri:0, instance:com.net.testng.protocol.TestCurrencyEvent@580929]" name="straightforword" duration-ms="172" started-at="2016-01-19T18:41:26Z" finished-at="2016-01-19T18:41:26Z">
          <reporter-output>
          </reporter-output>
        </test-method> <!-- straightforword -->
        <test-method status="PASS" signature="twoFieldPerNewsTestLongPlusEventAlreadyEvaluatedTest()[pri:0, instance:com.net.testng.protocol.TestCurrencyEvent@580929]" name="twoFieldPerNewsTestLongPlusEventAlreadyEvaluatedTest" duration-ms="0" started-at="2016-01-19T18:41:26Z" finished-at="2016-01-19T18:41:26Z">
          <reporter-output>
          </reporter-output>
        </test-method> <!-- twoFieldPerNewsTestLongPlusEventAlreadyEvaluatedTest -->
        <test-method status="PASS" signature="twoNewsPerEventTestShort()[pri:0, instance:com.net.testng.protocol.TestCurrencyEvent@580929]" name="twoNewsPerEventTestShort" duration-ms="0" started-at="2016-01-19T18:41:26Z" finished-at="2016-01-19T18:41:26Z">
          <reporter-output>
          </reporter-output>
        </test-method> <!-- twoNewsPerEventTestShort -->
        <test-method status="PASS" signature="straightforwordTestShort()[pri:0, instance:com.net.testng.protocol.TestCurrencyEvent@580929]" name="straightforwordTestShort" duration-ms="0" started-at="2016-01-19T18:41:26Z" finished-at="2016-01-19T18:41:26Z">
          <reporter-output>
          </reporter-output>
        </test-method> <!-- straightforwordTestShort -->
        <test-method status="PASS" signature="twoFieldPerTwoNewsTestLongPlusEventAlreadyEvaluatedTest()[pri:0, instance:com.net.testng.protocol.TestCurrencyEvent@580929]" name="twoFieldPerTwoNewsTestLongPlusEventAlreadyEvaluatedTest" duration-ms="0" started-at="2016-01-19T18:41:26Z" finished-at="2016-01-19T18:41:26Z">
          <reporter-output>
          </reporter-output>
        </test-method> <!-- twoFieldPerTwoNewsTestLongPlusEventAlreadyEvaluatedTest -->
        <test-method status="PASS" signature="straightforwordTestLong()[pri:0, instance:com.net.testng.protocol.TestCurrencyEvent@580929]" name="straightforwordTestLong" duration-ms="0" started-at="2016-01-19T18:41:26Z" finished-at="2016-01-19T18:41:26Z">
          <reporter-output>
          </reporter-output>
        </test-method> <!-- straightforwordTestLong -->
        <test-method status="PASS" signature="straightforwordOutOfTime()[pri:0, instance:com.net.testng.protocol.TestCurrencyEvent@580929]" name="straightforwordOutOfTime" duration-ms="0" started-at="2016-01-19T18:41:26Z" finished-at="2016-01-19T18:41:26Z">
          <reporter-output>
          </reporter-output>
        </test-method> <!-- straightforwordOutOfTime -->
      </class> <!-- com.net.testng.protocol.TestCurrencyEvent -->
    </test> <!-- Default test -->
  </suite> <!-- Default suite -->
</testng-results>
